2019-05-25 10:49:04.238  INFO 1776 --- [main] com.xinruke.eureka.EurekaApplication     : No active profile set, falling back to default profiles: default
2019-05-25 10:49:05.162  WARN 1776 --- [main] o.s.boot.actuate.endpoint.EndpointId     : Endpoint ID 'service-registry' contains invalid characters, please migrate to a valid format.
2019-05-25 10:49:05.441  INFO 1776 --- [main] o.s.cloud.context.scope.GenericScope     : BeanFactory id=511388b0-91a3-33cb-b92c-9c174edd75cc
2019-05-25 10:49:05.539  INFO 1776 --- [main] trationDelegate$BeanPostProcessorChecker : Bean 'org.springframework.cloud.autoconfigure.ConfigurationPropertiesRebinderAutoConfiguration' of type [org.springframework.cloud.autoconfigure.ConfigurationPropertiesRebinderAutoConfiguration$$EnhancerBySpringCGLIB$$be690a89] is not eligible for getting processed by all BeanPostProcessors (for example: not eligible for auto-proxying)
2019-05-25 10:49:05.842  INFO 1776 --- [main] o.s.b.w.embedded.tomcat.TomcatWebServer  : Tomcat initialized with port(s): 8761 (http)
2019-05-25 10:49:05.888  INFO 1776 --- [main] o.apache.catalina.core.StandardService   : Starting service [Tomcat]
2019-05-25 10:49:05.888  INFO 1776 --- [main] org.apache.catalina.core.StandardEngine  : Starting Servlet engine: [Apache Tomcat/9.0.19]
2019-05-25 10:49:06.124  INFO 1776 --- [main] o.a.c.c.C.[Tomcat].[localhost].[/]       : Initializing Spring embedded WebApplicationContext
2019-05-25 10:49:06.125  INFO 1776 --- [main] o.s.web.context.ContextLoader            : Root WebApplicationContext: initialization completed in 1872 ms
2019-05-25 10:49:06.256  WARN 1776 --- [main] c.n.c.sources.URLConfigurationSource     : No URLs will be polled as dynamic configuration sources.
2019-05-25 10:49:06.256  INFO 1776 --- [main] c.n.c.sources.URLConfigurationSource     : To enable URLs as dynamic configuration sources, define System property archaius.configurationSource.additionalUrls or make config.properties available on classpath.
2019-05-25 10:49:06.271  INFO 1776 --- [main] c.netflix.config.DynamicPropertyFactory  : DynamicPropertyFactory is initialized with configuration sources: com.netflix.config.ConcurrentCompositeConfiguration@6b5ab2f2
2019-05-25 10:49:07.166  INFO 1776 --- [main] c.s.j.s.i.a.WebApplicationImpl           : Initiating Jersey application, version 'Jersey: 1.19.1 03/11/2016 02:08 PM'
2019-05-25 10:49:07.257  INFO 1776 --- [main] c.n.d.provider.DiscoveryJerseyProvider   : Using JSON encoding codec LegacyJacksonJson
2019-05-25 10:49:07.259  INFO 1776 --- [main] c.n.d.provider.DiscoveryJerseyProvider   : Using JSON decoding codec LegacyJacksonJson
2019-05-25 10:49:07.430  INFO 1776 --- [main] c.n.d.provider.DiscoveryJerseyProvider   : Using XML encoding codec XStreamXml
2019-05-25 10:49:07.430  INFO 1776 --- [main] c.n.d.provider.DiscoveryJerseyProvider   : Using XML decoding codec XStreamXml
2019-05-25 10:49:07.882  WARN 1776 --- [main] c.n.c.sources.URLConfigurationSource     : No URLs will be polled as dynamic configuration sources.
2019-05-25 10:49:07.882  INFO 1776 --- [main] c.n.c.sources.URLConfigurationSource     : To enable URLs as dynamic configuration sources, define System property archaius.configurationSource.additionalUrls or make config.properties available on classpath.
2019-05-25 10:49:08.065  INFO 1776 --- [main] o.s.s.concurrent.ThreadPoolTaskExecutor  : Initializing ExecutorService 'applicationTaskExecutor'
2019-05-25 10:49:08.726  INFO 1776 --- [main] o.s.c.n.eureka.InstanceInfoFactory       : Setting initial instance status as: STARTING
2019-05-25 10:49:08.769  INFO 1776 --- [main] com.netflix.discovery.DiscoveryClient    : Initializing Eureka in region us-east-1
2019-05-25 10:49:08.770  INFO 1776 --- [main] com.netflix.discovery.DiscoveryClient    : Client configured to neither register nor query for data.
2019-05-25 10:49:08.780  INFO 1776 --- [main] com.netflix.discovery.DiscoveryClient    : Discovery Client initialized at timestamp 1558752548777 with initial instances count: 0
2019-05-25 10:49:08.833  INFO 1776 --- [main] c.n.eureka.DefaultEurekaServerContext    : Initializing ...
2019-05-25 10:49:08.835  INFO 1776 --- [main] c.n.eureka.cluster.PeerEurekaNodes       : Adding new peer nodes [http://localhost:8761/eureka/]
2019-05-25 10:49:09.031  INFO 1776 --- [main] c.n.d.provider.DiscoveryJerseyProvider   : Using JSON encoding codec LegacyJacksonJson
2019-05-25 10:49:09.032  INFO 1776 --- [main] c.n.d.provider.DiscoveryJerseyProvider   : Using JSON decoding codec LegacyJacksonJson
2019-05-25 10:49:09.032  INFO 1776 --- [main] c.n.d.provider.DiscoveryJerseyProvider   : Using XML encoding codec XStreamXml
2019-05-25 10:49:09.032  INFO 1776 --- [main] c.n.d.provider.DiscoveryJerseyProvider   : Using XML decoding codec XStreamXml
2019-05-25 10:49:09.218  INFO 1776 --- [main] c.n.eureka.cluster.PeerEurekaNodes       : Replica node URL:  http://localhost:8761/eureka/
2019-05-25 10:49:09.227  INFO 1776 --- [main] c.n.e.registry.AbstractInstanceRegistry  : Finished initializing remote region registries. All known remote regions: []
2019-05-25 10:49:09.228  INFO 1776 --- [main] c.n.eureka.DefaultEurekaServerContext    : Initialized
2019-05-25 10:49:09.243  INFO 1776 --- [main] o.s.b.a.e.web.EndpointLinksResolver      : Exposing 20 endpoint(s) beneath base path '/actuator'
2019-05-25 10:49:09.354  INFO 1776 --- [main] o.s.c.n.e.s.EurekaServiceRegistry        : Registering application EUREKA-SERVICE with eureka with status UP
2019-05-25 10:49:09.357  INFO 1776 --- [Thread-27] o.s.c.n.e.server.EurekaServerBootstrap   : Setting the eureka configuration..
2019-05-25 10:49:09.358  INFO 1776 --- [Thread-27] o.s.c.n.e.server.EurekaServerBootstrap   : Eureka data center value eureka.datacenter is not set, defaulting to default
2019-05-25 10:49:09.359  INFO 1776 --- [Thread-27] o.s.c.n.e.server.EurekaServerBootstrap   : Eureka environment value eureka.environment is not set, defaulting to test
2019-05-25 10:49:09.377  INFO 1776 --- [Thread-27] o.s.c.n.e.server.EurekaServerBootstrap   : isAws returned false
2019-05-25 10:49:09.378  INFO 1776 --- [Thread-27] o.s.c.n.e.server.EurekaServerBootstrap   : Initialized server context
2019-05-25 10:49:09.379  INFO 1776 --- [Thread-27] c.n.e.r.PeerAwareInstanceRegistryImpl    : Got 1 instances from neighboring DS node
2019-05-25 10:49:09.379  INFO 1776 --- [Thread-27] c.n.e.r.PeerAwareInstanceRegistryImpl    : Renew threshold is: 1
2019-05-25 10:49:09.380  INFO 1776 --- [Thread-27] c.n.e.r.PeerAwareInstanceRegistryImpl    : Changing status to UP
2019-05-25 10:49:09.390  INFO 1776 --- [Thread-27] e.s.EurekaServerInitializerConfiguration : Started Eureka Server
2019-05-25 10:49:09.409  INFO 1776 --- [main] o.s.b.w.embedded.tomcat.TomcatWebServer  : Tomcat started on port(s): 8761 (http) with context path ''
2019-05-25 10:49:09.410  INFO 1776 --- [main] .s.c.n.e.s.EurekaAutoServiceRegistration : Updating port to 8761
2019-05-25 10:49:09.413  INFO 1776 --- [main] com.xinruke.eureka.EurekaApplication     : Started EurekaApplication in 7.993 seconds (JVM running for 10.313)
2019-05-25 10:49:09.424  INFO 1776 --- [main] com.xinruke.eureka.EurekaApplication     : --------------------------
2019-05-25 10:49:09.425  INFO 1776 --- [main] com.xinruke.eureka.EurekaApplication     : ----Eureka Start Success----
2019-05-25 10:49:09.425  INFO 1776 --- [main] com.xinruke.eureka.EurekaApplication     : --------------------------
2019-05-25 10:49:09.565  INFO 1776 --- [RMI TCP Connection(5)-127.0.0.1] o.a.c.c.C.[Tomcat].[localhost].[/]       : Initializing Spring DispatcherServlet 'dispatcherServlet'
2019-05-25 10:49:09.566  INFO 1776 --- [RMI TCP Connection(5)-127.0.0.1] o.s.web.servlet.DispatcherServlet        : Initializing Servlet 'dispatcherServlet'
2019-05-25 10:49:09.580  INFO 1776 --- [RMI TCP Connection(5)-127.0.0.1] o.s.web.servlet.DispatcherServlet        : Completed initialization in 14 ms
2019-05-25 10:49:27.208  WARN 1776 --- [http-nio-8761-exec-1] c.n.e.registry.AbstractInstanceRegistry  : DS: Registry: lease doesn't exist, registering resource: UNKNOWN - DESKTOP-OK1QNRF
2019-05-25 10:49:27.208  WARN 1776 --- [http-nio-8761-exec-1] c.n.eureka.resources.InstanceResource    : Not Found (Renew): UNKNOWN - DESKTOP-OK1QNRF
2019-05-25 10:49:27.446  INFO 1776 --- [http-nio-8761-exec-6] c.n.e.registry.AbstractInstanceRegistry  : Registered instance UNKNOWN/DESKTOP-OK1QNRF with status UP (replication=false)
2019-05-25 10:49:28.137  INFO 1776 --- [http-nio-8761-exec-5] c.n.e.registry.AbstractInstanceRegistry  : Registered instance UNKNOWN/DESKTOP-OK1QNRF with status UP (replication=true)
